c:\temp\jpegsr6\newimage\jpeglib\jpeglib\release\jpeglib.pch
c:\temp\jpegsr6\newimage\jpeglib\jpeglib\release\jpeglib.pdb
c:\temp\jpegsr6\newimage\jpeglib\jpeglib\release\stdafx.obj
c:\temp\jpegsr6\newimage\jpeglib\jpeglib\release\jdatasrc.obj
c:\temp\jpegsr6\newimage\jpeglib\jpeglib\release\jdatadst.obj
c:\temp\jpegsr6\newimage\jpeglib\jpeglib\release\jdapistd.obj
c:\temp\jpegsr6\newimage\jpeglib\jpeglib\release\jdapimin.obj
c:\temp\jpegsr6\newimage\jpeglib\jpeglib\release\jctrans.obj
c:\temp\jpegsr6\newimage\jpeglib\jpeglib\release\jcsample.obj
c:\temp\jpegsr6\newimage\jpeglib\jpeglib\release\jcprepct.obj
c:\temp\jpegsr6\newimage\jpeglib\jpeglib\release\jcphuff.obj
c:\temp\jpegsr6\newimage\jpeglib\jpeglib\release\jcparam.obj
c:\temp\jpegsr6\newimage\jpeglib\jpeglib\release\jcomapi.obj
c:\temp\jpegsr6\newimage\jpeglib\jpeglib\release\jcmaster.obj
c:\temp\jpegsr6\newimage\jpeglib\jpeglib\release\jcmarker.obj
c:\temp\jpegsr6\newimage\jpeglib\jpeglib\release\jcmainct.obj
c:\temp\jpegsr6\newimage\jpeglib\jpeglib\release\jcinit.obj
c:\temp\jpegsr6\newimage\jpeglib\jpeglib\release\jchuff.obj
c:\temp\jpegsr6\newimage\jpeglib\jpeglib\release\jcdctmgr.obj
c:\temp\jpegsr6\newimage\jpeglib\jpeglib\release\jccolor.obj
c:\temp\jpegsr6\newimage\jpeglib\jpeglib\release\jccoefct.obj
c:\temp\jpegsr6\newimage\jpeglib\jpeglib\release\jcapistd.obj
c:\temp\jpegsr6\newimage\jpeglib\jpeglib\release\jcapimin.obj
c:\temp\jpegsr6\newimage\jpeglib\jpeglib\release\jidctint.obj
c:\temp\jpegsr6\newimage\jpeglib\jpeglib\release\jidctfst.obj
c:\temp\jpegsr6\newimage\jpeglib\jpeglib\release\jidctflt.obj
c:\temp\jpegsr6\newimage\jpeglib\jpeglib\release\jfdctint.obj
c:\temp\jpegsr6\newimage\jpeglib\jpeglib\release\jfdctfst.obj
c:\temp\jpegsr6\newimage\jpeglib\jpeglib\release\jfdctflt.obj
c:\temp\jpegsr6\newimage\jpeglib\jpeglib\release\jerror.obj
c:\temp\jpegsr6\newimage\jpeglib\jpeglib\release\jdtrans.obj
c:\temp\jpegsr6\newimage\jpeglib\jpeglib\release\jdsample.obj
c:\temp\jpegsr6\newimage\jpeglib\jpeglib\release\jdpostct.obj
c:\temp\jpegsr6\newimage\jpeglib\jpeglib\release\jdphuff.obj
c:\temp\jpegsr6\newimage\jpeglib\jpeglib\release\jdmerge.obj
c:\temp\jpegsr6\newimage\jpeglib\jpeglib\release\jdmaster.obj
c:\temp\jpegsr6\newimage\jpeglib\jpeglib\release\jdmarker.obj
c:\temp\jpegsr6\newimage\jpeglib\jpeglib\release\jdmainct.obj
c:\temp\jpegsr6\newimage\jpeglib\jpeglib\release\jdinput.obj
c:\temp\jpegsr6\newimage\jpeglib\jpeglib\release\jdhuff.obj
c:\temp\jpegsr6\newimage\jpeglib\jpeglib\release\jddctmgr.obj
c:\temp\jpegsr6\newimage\jpeglib\jpeglib\release\jdcolor.obj
c:\temp\jpegsr6\newimage\jpeglib\jpeglib\release\jdcoefct.obj
c:\temp\jpegsr6\newimage\jpeglib\jpeglib\release\wrppm.obj
c:\temp\jpegsr6\newimage\jpeglib\jpeglib\release\wrjpgcom.obj
c:\temp\jpegsr6\newimage\jpeglib\jpeglib\release\wrgif.obj
c:\temp\jpegsr6\newimage\jpeglib\jpeglib\release\wrbmp.obj
c:\temp\jpegsr6\newimage\jpeglib\jpeglib\release\transupp.obj
c:\temp\jpegsr6\newimage\jpeglib\jpeglib\release\rdtarga.obj
c:\temp\jpegsr6\newimage\jpeglib\jpeglib\release\rdswitch.obj
c:\temp\jpegsr6\newimage\jpeglib\jpeglib\release\rdrle.obj
c:\temp\jpegsr6\newimage\jpeglib\jpeglib\release\rdppm.obj
c:\temp\jpegsr6\newimage\jpeglib\jpeglib\release\rdjpgcom.obj
c:\temp\jpegsr6\newimage\jpeglib\jpeglib\release\rdgif.obj
c:\temp\jpegsr6\newimage\jpeglib\jpeglib\release\rdcolmap.obj
c:\temp\jpegsr6\newimage\jpeglib\jpeglib\release\rdbmp.obj
c:\temp\jpegsr6\newimage\jpeglib\jpeglib\release\jutils.obj
c:\temp\jpegsr6\newimage\jpeglib\jpeglib\release\jquant2.obj
c:\temp\jpegsr6\newimage\jpeglib\jpeglib\release\jquant1.obj
c:\temp\jpegsr6\newimage\jpeglib\jpeglib\release\jpegtran.obj
c:\temp\jpegsr6\newimage\jpeglib\jpeglib\release\jmemnobs.obj
c:\temp\jpegsr6\newimage\jpeglib\jpeglib\release\jmemmgr.obj
c:\temp\jpegsr6\newimage\jpeglib\jpeglib\release\jidctred.obj
c:\temp\jpegsr6\newimage\jpeglib\jpeglib\release\wrtarga.obj
c:\temp\jpegsr6\newimage\jpeglib\jpeglib\release\wrrle.obj
c:\temp\jpegsr6\newimage\jpeglib\release\jpeglib.lib
c:\temp\jpegsr6\newimage\jpeglib\jpeglib\release\jpeglib.tlog\cl.command.1.tlog
c:\temp\jpegsr6\newimage\jpeglib\jpeglib\release\jpeglib.tlog\cl.read.1.tlog
c:\temp\jpegsr6\newimage\jpeglib\jpeglib\release\jpeglib.tlog\cl.write.1.tlog
c:\temp\jpegsr6\newimage\jpeglib\jpeglib\release\jpeglib.tlog\lib-link.read.1.tlog
c:\temp\jpegsr6\newimage\jpeglib\jpeglib\release\jpeglib.tlog\lib-link.write.1.tlog
c:\temp\jpegsr6\newimage\jpeglib\jpeglib\release\jpeglib.tlog\lib.command.1.tlog
